<?xml version="1.0" encoding="UTF-8"?>
<!-- Generated by org.testng.reporters.JUnitXMLReporter -->
<testsuite hostname="DESKTOP-2O9JK05" ignored="0" name="Default test" tests="3" failures="0" timestamp="17 Jan 2019 16:36:48 GMT" time="69.427" errors="0">
  <testcase name="Test1" time="20.453" classname="com.AutomationTalks.demoProject1.TestClass1"/>
  <testcase name="Test2" time="18.135" classname="com.AutomationTalks.demoProject1.TestClass1"/>
  <testcase name="Test3" time="16.294" classname="com.AutomationTalks.demoProject1.TestClass1"/>
</testsuite> <!-- Default test -->
