<?xml version="1.0" encoding="UTF-8"?>
<!-- Generated by org.testng.reporters.JUnitXMLReporter -->
<testsuite hostname="DESKTOP-2O9JK05" ignored="0" name="Default test" tests="3" failures="0" timestamp="16 Jan 2019 15:11:51 GMT" time="87.63" errors="0">
  <testcase name="Test1" time="13.895" classname="com.AutomationTalks.demoProject1.TestClass1"/>
  <testcase name="Test2" time="5.085" classname="com.AutomationTalks.demoProject1.TestClass1"/>
  <testcase name="Test3" time="6.307" classname="com.AutomationTalks.demoProject1.TestClass1"/>
</testsuite> <!-- Default test -->
