<?xml version="1.0" encoding="UTF-8"?>
<!-- Generated by org.testng.reporters.JUnitXMLReporter -->
<testsuite hostname="DESKTOP-2O9JK05" ignored="0" name="Test" tests="3" failures="0" timestamp="12 Jan 2019 12:15:31 GMT" time="48.306" errors="0">
  <testcase name="Test1" time="11.39" classname="com.AutomationTalks.demoProject1.TestClass1"/>
  <testcase name="Test2" time="7.829" classname="com.AutomationTalks.demoProject1.TestClass1"/>
  <testcase name="Test3" time="8.403" classname="com.AutomationTalks.demoProject1.TestClass1"/>
</testsuite> <!-- Test -->
