<?xml version="1.0" encoding="UTF-8"?>
<testng-results skipped="0" failed="0" ignored="0" total="3" passed="3">
  <reporter-output>
  </reporter-output>
  <suite name="Default suite" duration-ms="87630" started-at="2019-01-16T15:10:23Z" finished-at="2019-01-16T15:11:50Z">
    <groups>
    </groups>
    <test name="Default test" duration-ms="87630" started-at="2019-01-16T15:10:23Z" finished-at="2019-01-16T15:11:50Z">
      <class name="com.AutomationTalks.demoProject1.TestClass1">
        <test-method status="PASS" signature="launchDriver()[pri:0, instance:com.AutomationTalks.demoProject1.TestClass1@4a87761d]" name="launchDriver" is-config="true" duration-ms="11149" started-at="2019-01-16T15:10:23Z" finished-at="2019-01-16T15:10:34Z">
          <reporter-output>
          </reporter-output>
        </test-method> <!-- launchDriver -->
        <test-method status="PASS" signature="Test1()[pri:0, instance:com.AutomationTalks.demoProject1.TestClass1@4a87761d]" name="Test1" duration-ms="13895" started-at="2019-01-16T15:10:34Z" finished-at="2019-01-16T15:10:48Z">
          <reporter-output>
          </reporter-output>
        </test-method> <!-- Test1 -->
        <test-method status="PASS" signature="quit()[pri:0, instance:com.AutomationTalks.demoProject1.TestClass1@4a87761d]" name="quit" is-config="true" duration-ms="14842" started-at="2019-01-16T15:10:48Z" finished-at="2019-01-16T15:11:03Z">
          <reporter-output>
          </reporter-output>
        </test-method> <!-- quit -->
        <test-method status="PASS" signature="launchDriver()[pri:0, instance:com.AutomationTalks.demoProject1.TestClass1@4a87761d]" name="launchDriver" is-config="true" duration-ms="7191" started-at="2019-01-16T15:11:03Z" finished-at="2019-01-16T15:11:10Z">
          <reporter-output>
          </reporter-output>
        </test-method> <!-- launchDriver -->
        <test-method status="PASS" signature="Test2()[pri:0, instance:com.AutomationTalks.demoProject1.TestClass1@4a87761d]" name="Test2" duration-ms="5085" started-at="2019-01-16T15:11:10Z" finished-at="2019-01-16T15:11:15Z">
          <reporter-output>
          </reporter-output>
        </test-method> <!-- Test2 -->
        <test-method status="PASS" signature="quit()[pri:0, instance:com.AutomationTalks.demoProject1.TestClass1@4a87761d]" name="quit" is-config="true" duration-ms="11022" started-at="2019-01-16T15:11:15Z" finished-at="2019-01-16T15:11:26Z">
          <reporter-output>
          </reporter-output>
        </test-method> <!-- quit -->
        <test-method status="PASS" signature="launchDriver()[pri:0, instance:com.AutomationTalks.demoProject1.TestClass1@4a87761d]" name="launchDriver" is-config="true" duration-ms="6916" started-at="2019-01-16T15:11:26Z" finished-at="2019-01-16T15:11:33Z">
          <reporter-output>
          </reporter-output>
        </test-method> <!-- launchDriver -->
        <test-method status="PASS" signature="Test3()[pri:0, instance:com.AutomationTalks.demoProject1.TestClass1@4a87761d]" name="Test3" duration-ms="6307" started-at="2019-01-16T15:11:33Z" finished-at="2019-01-16T15:11:39Z">
          <reporter-output>
          </reporter-output>
        </test-method> <!-- Test3 -->
        <test-method status="PASS" signature="quit()[pri:0, instance:com.AutomationTalks.demoProject1.TestClass1@4a87761d]" name="quit" is-config="true" duration-ms="11148" started-at="2019-01-16T15:11:39Z" finished-at="2019-01-16T15:11:50Z">
          <reporter-output>
          </reporter-output>
        </test-method> <!-- quit -->
      </class> <!-- com.AutomationTalks.demoProject1.TestClass1 -->
    </test> <!-- Default test -->
  </suite> <!-- Default suite -->
</testng-results>
