<?xml version="1.0" encoding="UTF-8"?>
<!-- Generated by org.testng.reporters.JUnitReportReporter -->
<testsuite skipped="0" hostname="DESKTOP-2O9JK05" name="com.AutomationTalks.demoProject1.TestClass1" tests="3" failures="0" timestamp="12 Jan 2019 12:15:31 GMT" time="48.258" errors="0">
  <testcase name="Test1" time="16.907" classname="com.AutomationTalks.demoProject1.TestClass1"/>
  <testcase name="Test2" time="12.967" classname="com.AutomationTalks.demoProject1.TestClass1"/>
  <testcase name="Test3" time="18.384" classname="com.AutomationTalks.demoProject1.TestClass1"/>
</testsuite> <!-- com.AutomationTalks.demoProject1.TestClass1 -->
